NEB log file generated by ORCA
All quantities are given in atomic units. Unless stated otherwise. 
iteration       : 0
climbing        : yes
zoom on         : no
nim             : 10
barrier         :   0.00254083 (image:  6) 
distance        :   0.00000000    0.13053761    0.26107522    0.39161283    0.52215044    0.65268805    0.78322566    0.91376327    1.04430088    1.17483849 
energy          : -691.91549898  -691.91529128  -691.91479541  -691.91417219  -691.91357202  -691.91313395  -691.91295815  -691.91303038  -691.91325904  -691.91345934 
max(|Fr_perp|)   :   0.00000000    0.00881801    0.01484454    0.01825020    0.01919843    0.01789495    0.01469502    0.01027364    0.00486225    0.00000000 
Fr_paral         :   0.00000000   -0.00282887   -0.00443220   -0.00483406   -0.00409820   -0.00239116   -0.00022186    0.00120525    0.00222743    0.00000000 
max(|Fsp_paral|) :   0.00000000    0.00000000    0.00000000    0.00000111    0.00586294    0.00310627    0.00000339    0.00131131    0.00412473    0.00000000 
max(|Fsp_perp|)  :   0.00000000    0.00000000    0.00000000    0.00000000    0.00000000    0.00000000    0.00000000    0.00000000    0.00000000    0.00000000 
max(|FNEB|)      :   0.00000000    0.00888507    0.01493115    0.01833431    0.02198684    0.01938729    0.01472564    0.00967579    0.00689712    0.00000000 
max(|Force|)     :   0.00010326    0.00787053    0.01334744    0.01661242    0.01780966    0.01710256    0.01465707    0.01071774    0.00566226    0.00004715 
ksp              :   0.01000000    0.01000000    0.01000000    0.01000000    0.06883629    0.10000000    0.10000000    0.08687719    0.04545375 
max(|step|)      :   0.00000000    0.04041087    0.06790949    0.08338767    0.10000000    0.08817682    0.06697482    0.04400719    0.03136930    0.00000000 
angle (deg.)     :    6.4776  6.4184  6.6804  5.8156  5.7016  3.0065  4.1997  6.8139 
>
iteration       : 1
climbing        : yes
zoom on         : no
nim             : 10
barrier         :   0.00214079 (image:  8) 
distance        :   0.00000000    0.14010610    0.27518580    0.40722312    0.57283952    0.68731422    0.80099041    0.92636550    1.04444100    1.20251636 
energy          : -691.91549898  -691.91532732  -691.91507548  -691.91487622  -691.91458658  -691.91425998  -691.91387808  -691.91353285  -691.91335819  -691.91345934 
max(|Fr_perp|)   :   0.00000000    0.00686454    0.00976111    0.00837737    0.00743637    0.00743041    0.00683334    0.00531916    0.00404618    0.00000000 
Fr_paral         :   0.00000000   -0.00125739   -0.00088125   -0.00062233   -0.00216957   -0.00304214   -0.00305864   -0.00222993    0.00011418    0.00000000 
max(|Fsp_paral|) :   0.00000000    0.00003109    0.00002091    0.00025161    0.00040612    0.00000663    0.00009857    0.00904551    0.00335562    0.00000000 
max(|Fsp_perp|)  :   0.00000000    0.00000000    0.00000000    0.00000000    0.00000000    0.00000000    0.00000000    0.00000000    0.00000000    0.00000000 
max(|FNEB|)      :   0.00000000    0.00688835    0.00977265    0.00824758    0.00744428    0.00742598    0.00670177    0.00706944    0.00479018    0.00000000 
max(|Force|)     :   0.00010326    0.00755133    0.01017329    0.00861370    0.00749714    0.00770841    0.00707744    0.00546525    0.00406737    0.00004715 
ksp              :   0.01000000    0.01000000    0.01000000    0.01000000    0.01000000    0.01000000    0.01000000    0.10000000    0.10000000 
max(|step|)      :   0.00000000    0.01178939    0.01456773    0.01265614    0.01418660    0.01410772    0.01446846    0.01630648    0.01053797    0.00002996 
angle (deg.)     :    1.4179  2.0372  4.5650  6.6367  7.2151  5.4789  5.7642  6.3775 
>
iteration       : 2
climbing        : yes
zoom on         : no
nim             : 10
barrier         :   0.00207765 (image:  8) 
distance        :   0.00000000    0.14040881    0.27351798    0.40408127    0.57054075    0.68482514    0.80323265    0.94341002    1.04768441    1.20035477 
energy          : -691.91549898  -691.91543200  -691.91527562  -691.91503604  -691.91467168  -691.91437466  -691.91402115  -691.91361565  -691.91342133  -691.91345934 
max(|Fr_perp|)   :   0.00000000    0.00221973    0.00394548    0.00520406    0.00594731    0.00649123    0.00602815    0.00467966    0.00324052    0.00000000 
Fr_paral         :   0.00000000   -0.00074967   -0.00137899   -0.00169073   -0.00226770   -0.00273411   -0.00315688   -0.00261452   -0.00053036    0.00000000 
max(|Fsp_paral|) :   0.00000000    0.00004656    0.00001674    0.00025203    0.00039655    0.00003353    0.00018396    0.00783964    0.00413312    0.00000000 
max(|Fsp_perp|)  :   0.00000000    0.00000000    0.00000000    0.00000000    0.00000000    0.00000000    0.00000000    0.00000000    0.00000000    0.00000000 
max(|FNEB|)      :   0.00000000    0.00221042    0.00394057    0.00523207    0.00605123    0.00648312    0.00541060    0.00692732    0.00392100    0.00000000 
max(|Force|)     :   0.00010326    0.00216606    0.00383880    0.00505402    0.00638807    0.00705363    0.00664571    0.00518977    0.00316607    0.00004715 
ksp              :   0.01000000    0.01000000    0.01000000    0.01000000    0.01000000    0.01000000    0.01000000    0.10000000    0.10000000 
max(|step|)      :   0.00000000    0.00421125    0.00691866    0.00801899    0.00750466    0.00608752    0.00507418    0.00913564    0.00479090    0.00002671 
angle (deg.)     :    0.7403  1.1786  3.1527  5.8888  6.9919  6.5175  5.5970  5.0599 
>
iteration       : 3
climbing        : yes
zoom on         : no
nim             : 10
barrier         :   0.00206069 (image:  8) 
distance        :   0.00000000    0.13989814    0.27248299    0.40276339    0.56638826    0.68204687    0.80488450    0.95196584    1.05159750    1.19776089 
energy          : -691.91549898  -691.91544566  -691.91531952  -691.91511610  -691.91475805  -691.91444283  -691.91406324  -691.91363533  -691.91343829  -691.91345934 
max(|Fr_perp|)   :   0.00000000    0.00055372    0.00099324    0.00148816    0.00226847    0.00269807    0.00283764    0.00377345    0.00304424    0.00000000 
Fr_paral         :   0.00000000   -0.00061015   -0.00121088   -0.00179249   -0.00248272   -0.00299370   -0.00327565   -0.00283349   -0.00066390    0.00000000 
max(|Fsp_paral|) :   0.00000000    0.00004785    0.00001530    0.00023141    0.00035800    0.00005746    0.00020379    0.00734979    0.00398957    0.00000000 
max(|Fsp_perp|)  :   0.00000000    0.00000000    0.00000000    0.00000000    0.00000000    0.00000000    0.00000000    0.00000000    0.00000000    0.00000000 
max(|FNEB|)      :   0.00000000    0.00055145    0.00098819    0.00143655    0.00236138    0.00268521    0.00346245    0.00654561    0.00363060    0.00000000 
max(|Force|)     :   0.00010326    0.00067479    0.00107222    0.00178026    0.00273650    0.00331631    0.00359646    0.00347191    0.00296072    0.00004715 
ksp              :   0.01000000    0.01000000    0.01000000    0.01000000    0.01000000    0.01000000    0.01000000    0.10000000    0.10000000 
max(|step|)      :   0.00000000    0.00251934    0.00330155    0.00496191    0.00735278    0.00818871    0.01208922    0.01691025    0.01099271    0.00001926 
angle (deg.)     :    0.7688  0.6291  1.9098  5.1327  7.5697  8.7361  7.7317  5.1935 
>
iteration       : 4
climbing        : yes
zoom on         : no
nim             : 10
barrier         :   0.00203964 (image:  9) 
distance        :   0.00000000    0.14058714    0.27304518    0.40371592    0.56665745    0.68378720    0.81542844    0.97874463    1.06615440    1.20197579 
energy          : -691.91549898  -691.91544300  -691.91531457  -691.91511662  -691.91476632  -691.91446769  -691.91408106  -691.91362420  -691.91345956  -691.91345934 
max(|Fr_perp|)   :   0.00000000    0.00141237    0.00165995    0.00161061    0.00186936    0.00192402    0.00174124    0.00249570    0.00210526    0.00000000 
Fr_paral         :   0.00000000   -0.00063239   -0.00118414   -0.00176633   -0.00241089   -0.00274248   -0.00298269   -0.00270225   -0.00090479    0.00000000 
max(|Fsp_paral|) :   0.00000000    0.00005371    0.00001181    0.00021854    0.00033134    0.00011387    0.00026612    0.00066088    0.00042207    0.00000000 
max(|Fsp_perp|)  :   0.00000000    0.00000000    0.00000000    0.00000000    0.00000000    0.00000000    0.00000000    0.00000000    0.00000000    0.00000000 
max(|FNEB|)      :   0.00000000    0.00137379    0.00165251    0.00162372    0.00184486    0.00192773    0.00208804    0.00244012    0.00213221    0.00000000 
max(|Force|)     :   0.00010326    0.00159853    0.00216398    0.00208146    0.00196568    0.00218242    0.00292376    0.00282517    0.00205463    0.00004715 
ksp              :   0.01000000    0.01000000    0.01000000    0.01000000    0.01000000    0.01000000    0.01000000    0.01000000    0.01000000 
max(|step|)      :   0.00000000    0.00221383    0.00265250    0.00239408    0.00276257    0.00365946    0.00885911    0.01003525    0.00774974    0.00001818 
angle (deg.)     :    0.8994  0.8012  1.6528  4.2228  7.3052  9.2892  10.3593  6.2417 
>
iteration       : 5
climbing        : yes
zoom on         : no
nim             : 10
barrier         :   0.00203964 (image:  9) 
distance        :   0.00000000    0.14108936    0.27376801    0.40519503    0.56735060    0.68568464    0.82540069    0.98469963    1.07201373    1.20631142 
energy          : -691.91549898  -691.91544412  -691.91531748  -691.91511730  -691.91477210  -691.91447137  -691.91408752  -691.91366355  -691.91348431  -691.91345934 
max(|Fr_perp|)   :   0.00000000    0.00055751    0.00072832    0.00060780    0.00077498    0.00077149    0.00074023    0.00134976    0.00136785    0.00000000 
Fr_paral         :   0.00000000   -0.00060277   -0.00117673   -0.00175256   -0.00237373   -0.00264003   -0.00276206   -0.00269314   -0.00108565    0.00000000 
max(|Fsp_paral|) :   0.00000000    0.00005539    0.00000832    0.00020861    0.00031338    0.00016567    0.00016359    0.00062940    0.00041340    0.00000000 
max(|Fsp_perp|)  :   0.00000000    0.00000000    0.00000000    0.00000000    0.00000000    0.00000000    0.00000000    0.00000000    0.00000000    0.00000000 
max(|FNEB|)      :   0.00000000    0.00051757    0.00072424    0.00064920    0.00084161    0.00074457    0.00224557    0.00131664    0.00136755    0.00000000 
max(|Force|)     :   0.00010326    0.00086129    0.00137962    0.00157533    0.00152773    0.00174107    0.00236921    0.00251543    0.00136909    0.00004715 
ksp              :   0.01000000    0.01000000    0.01000000    0.01000000    0.01000000    0.01000000    0.01000000    0.01000000    0.01000000 
max(|step|)      :   0.00000000    0.00296350    0.00389966    0.00387515    0.00514705    0.00691181    0.01666488    0.01984588    0.01659925    0.00010176 
angle (deg.)     :    1.8469  1.6965  1.6643  2.9668  6.3634  9.2608  15.7526  10.4378 
>
iteration       : 6
climbing        : yes
zoom on         : no
nim             : 10
barrier         :   0.00203964 (image:  9) 
distance        :   0.00000000    0.14180934    0.27516717    0.40884580    0.56735766    0.68969408    0.85081755    0.99692122    1.08616784    1.21687209 
energy          : -691.91549898  -691.91545049  -691.91532874  -691.91512846  -691.91479723  -691.91447967  -691.91404351  -691.91367037  -691.91349297  -691.91345934 
max(|Fr_perp|)   :   0.00000000    0.00054757    0.00058201    0.00059455    0.00086429    0.00104722    0.00097277    0.00104887    0.00047183    0.00000000 
Fr_paral         :   0.00000000   -0.00057304   -0.00113594   -0.00171680   -0.00233962   -0.00259593   -0.00251733   -0.00236102   -0.00108845    0.00000000 
max(|Fsp_paral|) :   0.00000000    0.00005527    0.00000215    0.00017042    0.00025536    0.00029330    0.00012298    0.00049808    0.00036600    0.00000000 
max(|Fsp_perp|)  :   0.00000000    0.00000000    0.00000000    0.00000000    0.00000000    0.00000000    0.00000000    0.00000000    0.00000000    0.00000000 
max(|FNEB|)      :   0.00000000    0.00058694    0.00057850    0.00056263    0.00092179    0.00099616    0.00246695    0.00104574    0.00042187    0.00000000 
max(|Force|)     :   0.00010326    0.00083794    0.00113578    0.00109709    0.00147106    0.00168592    0.00165524    0.00181863    0.00090658    0.00004715 
ksp              :   0.01000000    0.01000000    0.01000000    0.01000000    0.01000000    0.01000000    0.01000000    0.01000000    0.01000000 
max(|step|)      :   0.00000000    0.00222876    0.00416848    0.00559853    0.00828184    0.00773820    0.02337837    0.01024008    0.01110840    0.00011167 
angle (deg.)     :    1.8533  1.7383  2.2083  3.3326  5.3839  8.4359  20.0046  15.9614 
>
iteration       : 7
climbing        : yes
zoom on         : no
nim             : 10
barrier         :   0.00203964 (image:  9) 
distance        :   0.00000000    0.14169568    0.27585745    0.41251627    0.56485930    0.69390402    0.88124192    1.00332821    1.09815240    1.22526884 
energy          : -691.91549898  -691.91543780  -691.91532918  -691.91512735  -691.91481106  -691.91448608  -691.91397468  -691.91365435  -691.91348935  -691.91345934 
max(|Fr_perp|)   :   0.00000000    0.00059461    0.00129064    0.00195092    0.00253873    0.00295027    0.00300507    0.00327777    0.00104298    0.00000000 
Fr_paral         :   0.00000000   -0.00057211   -0.00112976   -0.00171724   -0.00232038   -0.00264518   -0.00222626   -0.00190228   -0.00079870    0.00000000 
max(|Fsp_paral|) :   0.00000000    0.00004917    0.00001672    0.00010839    0.00016603    0.00043760    0.00051986    0.00023654    0.00028015    0.00000000 
max(|Fsp_perp|)  :   0.00000000    0.00000000    0.00000000    0.00000000    0.00000000    0.00000000    0.00000000    0.00000000    0.00000000    0.00000000 
max(|FNEB|)      :   0.00000000    0.00060368    0.00129284    0.00194435    0.00255496    0.00292930    0.00302301    0.00330140    0.00111391    0.00000000 
max(|Force|)     :   0.00010326    0.00063285    0.00136418    0.00205718    0.00266511    0.00306301    0.00298714    0.00342140    0.00086807    0.00004715 
ksp              :   0.01000000    0.01000000    0.01000000    0.01000000    0.01000000    0.01000000    0.01000000    0.01000000    0.01000000 
max(|step|)      :   0.00000000    0.00108748    0.00202030    0.00275198    0.00415265    0.00397049    0.01202944    0.00299558    0.00327819    0.00006936 
angle (deg.)     :    1.9482  1.7187  2.4643  3.7365  5.1959  6.5385  19.5152  18.1418 
>
iteration       : 8
climbing        : yes
zoom on         : no
nim             : 10
barrier         :   0.00203964 (image:  9) 
distance        :   0.00000000    0.14152508    0.27617268    0.41433507    0.56362973    0.69650542    0.89631723    1.00423170    1.10214799    1.22792373 
energy          : -691.91549898  -691.91545132  -691.91534092  -691.91512820  -691.91482268  -691.91448888  -691.91395165  -691.91366897  -691.91348057  -691.91345934 
max(|Fr_perp|)   :   0.00000000    0.00038530    0.00074363    0.00105899    0.00129398    0.00146662    0.00114884    0.00179675    0.00124158    0.00000000 
Fr_paral         :   0.00000000   -0.00056238   -0.00111172   -0.00169131   -0.00229109   -0.00265970   -0.00254793   -0.00215843   -0.00069256    0.00000000 
max(|Fsp_paral|) :   0.00000000    0.00004481    0.00002348    0.00007710    0.00011777    0.00050353    0.00072537    0.00008649    0.00023903    0.00000000 
max(|Fsp_perp|)  :   0.00000000    0.00000000    0.00000000    0.00000000    0.00000000    0.00000000    0.00000000    0.00000000    0.00000000    0.00000000 
max(|FNEB|)      :   0.00000000    0.00039416    0.00074592    0.00105706    0.00130607    0.00144245    0.00219667    0.00179764    0.00130882    0.00000000 
max(|Force|)     :   0.00010326    0.00047872    0.00084193    0.00116201    0.00190863    0.00228773    0.00182564    0.00186254    0.00107030    0.00004715 
ksp              :   0.01000000    0.01000000    0.01000000    0.01000000    0.01000000    0.01000000    0.01000000    0.01000000    0.01000000 
max(|step|)      :   0.00000000    0.00471217    0.00876002    0.01195462    0.01793489    0.01720122    0.05339192    0.01058327    0.01339380    0.00035357 
angle (deg.)     :    2.6254  1.7155  3.5045  5.9930  5.2375  18.9063  32.0959  28.3931 
>
iteration       : 9
climbing        : yes
zoom on         : no
nim             : 10
barrier         :   0.00204863 (image:  8) 
distance        :   0.00000000    0.14120839    0.27829501    0.42309390    0.56009369    0.70985224    0.96537434    1.01482593    1.12563831    1.24939000 
energy          : -691.91549898  -691.91544651  -691.91533092  -691.91512199  -691.91484231  -691.91446693  -691.91378312  -691.91364363  -691.91345035  -691.91345934 
max(|Fr_perp|)   :   0.00000000    0.00030359    0.00059181    0.00092255    0.00153542    0.00175898    0.00241066    0.00377537    0.00186619    0.00000000 
Fr_paral         :   0.00000000   -0.00054377   -0.00109518   -0.00169009   -0.00225954   -0.00269680   -0.00184309   -0.00184686   -0.00004695    0.00000000 
max(|Fsp_paral|) :   0.00000000    0.00002659    0.00005073    0.00005408    0.00009348    0.00080243    0.00136012    0.00896067    0.00103229    0.00000000 
max(|Fsp_perp|)  :   0.00000000    0.00000000    0.00000000    0.00000000    0.00000000    0.00000000    0.00000000    0.00000000    0.00000000    0.00000000 
max(|FNEB|)      :   0.00000000    0.00031003    0.00059280    0.00091495    0.00152738    0.00183551    0.00250836    0.00913781    0.00230827    0.00000000 
max(|Force|)     :   0.00010326    0.00063766    0.00078779    0.00111747    0.00190074    0.00293523    0.00231296    0.00354605    0.00185005    0.00004715 
ksp              :   0.01000000    0.01000000    0.01000000    0.01000000    0.01000000    0.01000000    0.01000000    0.10000000    0.10000000 
max(|step|)      :   0.00000000    0.00057523    0.00109568    0.00146392    0.00237261    0.00230825    0.00591223    0.00881687    0.00604247    0.00006059 
angle (deg.)     :    2.5288  1.4899  2.7090  5.8666  5.8507  11.6247  18.8120  25.1219 
>
iteration       : 10
climbing        : yes
zoom on         : no
nim             : 10
barrier         :   0.00203964 (image:  9) 
distance        :   0.00000000    0.14114540    0.27802311    0.42172276    0.56055854    0.70961336    0.95751333    1.01904791    1.11777512    1.23988523 
energy          : -691.91549898  -691.91545604  -691.91533493  -691.91512453  -691.91485250  -691.91447024  -691.91381963  -691.91365263  -691.91346772  -691.91345934 
max(|Fr_perp|)   :   0.00000000    0.00041731    0.00090008    0.00135157    0.00166861    0.00184690    0.00154446    0.00176854    0.00144363    0.00000000 
Fr_paral         :   0.00000000   -0.00054839   -0.00110271   -0.00169308   -0.00224003   -0.00267713   -0.00238332   -0.00224041   -0.00041258    0.00000000 
max(|Fsp_paral|) :   0.00000000    0.00002768    0.00004495    0.00003336    0.00007428    0.00075420    0.00143457    0.00031588    0.00018980    0.00000000 
max(|Fsp_perp|)  :   0.00000000    0.00000000    0.00000000    0.00000000    0.00000000    0.00000000    0.00000000    0.00000000    0.00000000    0.00000000 
max(|FNEB|)      :   0.00000000    0.00041158    0.00090111    0.00134491    0.00167046    0.00188617    0.00168786    0.00180698    0.00151558    0.00000000 
max(|Force|)     :   0.00010326    0.00070223    0.00102138    0.00124844    0.00177004    0.00257242    0.00198131    0.00171677    0.00131384    0.00004715 
ksp              :   0.01000000    0.01000000    0.01000000    0.01000000    0.01000000    0.01000000    0.01000000    0.01000000    0.01000000 
max(|step|)      :   0.00000000    0.00059077    0.00106689    0.00152727    0.00198652    0.00224740    0.00769286    0.00522036    0.00448700    0.00003155 
angle (deg.)     :    2.6697  1.4762  2.4482  6.1672  6.7245  13.4947  12.3918  23.5043 
>
iteration       : 11
climbing        : yes
zoom on         : no
nim             : 10
barrier         :   0.00203964 (image:  9) 
distance        :   0.00000000    0.14095328    0.27836102    0.42248337    0.56057363    0.71325247    0.96656917    1.02066383    1.11558402    1.23669318 
energy          : -691.91549898  -691.91545205  -691.91532494  -691.91511365  -691.91485421  -691.91447148  -691.91380226  -691.91366316  -691.91347740  -691.91345934 
max(|Fr_perp|)   :   0.00000000    0.00027862    0.00039083    0.00059390    0.00071170    0.00078733    0.00063092    0.00063494    0.00104431    0.00000000 
Fr_paral         :   0.00000000   -0.00054365   -0.00109338   -0.00167583   -0.00221535   -0.00267862   -0.00250376   -0.00241164   -0.00066883    0.00000000 
max(|Fsp_paral|) :   0.00000000    0.00002300    0.00004424    0.00004116    0.00010587    0.00077527    0.00159862    0.00034611    0.00021357    0.00000000 
max(|Fsp_perp|)  :   0.00000000    0.00000000    0.00000000    0.00000000    0.00000000    0.00000000    0.00000000    0.00000000    0.00000000    0.00000000 
max(|FNEB|)      :   0.00000000    0.00028271    0.00039074    0.00058480    0.00070556    0.00090673    0.00195436    0.00060060    0.00111541    0.00000000 
max(|Force|)     :   0.00010326    0.00061557    0.00098185    0.00121442    0.00161162    0.00239440    0.00206384    0.00198998    0.00085697    0.00004715 
ksp              :   0.01000000    0.01000000    0.01000000    0.01000000    0.01000000    0.01000000    0.01000000    0.01000000    0.01000000 
max(|step|)      :   0.00000000    0.00538215    0.00990694    0.01375619    0.01860058    0.01663629    0.06762325    0.02425501    0.01371023    0.00031359 
angle (deg.)     :    3.8405  1.8055  1.8175  8.7759  10.5238  110.3887  93.5416  23.9868 
>
iteration       : 12
climbing        : yes
zoom on         : no
nim             : 10
barrier         :   0.00203964 (image:  9) 
distance        :   0.00000000    0.14074305    0.28238847    0.43231643    0.56092073    0.74060083    1.05467765    1.07980328    1.15832335    1.27718166 
energy          : -691.91549898  -691.91545213  -691.91533261  -691.91511547  -691.91485995  -691.91441313  -691.91359152  -691.91359188  -691.91346315  -691.91345934 
max(|Fr_perp|)   :   0.00000000    0.00024444    0.00056267    0.00077821    0.00095901    0.00108661    0.00191774    0.00229266    0.00047749    0.00000000 
Fr_paral         :   0.00000000   -0.00052971   -0.00108697   -0.00168126   -0.00212833   -0.00257026    0.00122671   -0.00205926   -0.00073656    0.00000000 
max(|Fsp_paral|) :   0.00000000    0.00000582    0.00005426    0.00014183    0.00036793    0.00106559    0.00207681    0.00044002    0.00030649    0.00000000 
max(|Fsp_perp|)  :   0.00000000    0.00000000    0.00000000    0.00000000    0.00000000    0.00000000    0.00000000    0.00000000    0.00000000    0.00000000 
max(|FNEB|)      :   0.00000000    0.00024823    0.00056139    0.00079643    0.00093663    0.00121053    0.00192485    0.00226071    0.00055440    0.00000000 
max(|Force|)     :   0.00010326    0.00040842    0.00096340    0.00131952    0.00147711    0.00189608    0.00191063    0.00249881    0.00099963    0.00004715 
ksp              :   0.01000000    0.01000000    0.01000000    0.01000000    0.01000000    0.01000000    0.01000000    0.01000000    0.01000000 
max(|step|)      :   0.00000000    0.00223989    0.00411325    0.00547154    0.00897422    0.01004110    0.02802751    0.01030163    0.00437835    0.00015120 
angle (deg.)     :    3.3236  1.7978  2.5639  6.7720  9.1334  59.6032  37.6175  17.0137 
>
iteration       : 13
climbing        : yes
zoom on         : no
nim             : 10
barrier         :   0.00203964 (image:  9) 
distance        :   0.00000000    0.14077776    0.28122260    0.42725766    0.56299969    0.73649691    1.02023779    1.04791726    1.13135072    1.24908421 
energy          : -691.91549898  -691.91545278  -691.91532778  -691.91512814  -691.91486689  -691.91443209  -691.91368305  -691.91363500  -691.91349072  -691.91345934 
max(|Fr_perp|)   :   0.00000000    0.00023996    0.00023661    0.00028442    0.00037090    0.00046792    0.00168783    0.00040568    0.00031201    0.00000000 
Fr_paral         :   0.00000000   -0.00053459   -0.00108274   -0.00166555   -0.00217384   -0.00262030   -0.00091429   -0.00245049   -0.00091160    0.00000000 
max(|Fsp_paral|) :   0.00000000    0.00000214    0.00003677    0.00007005    0.00027008    0.00086161    0.00164219    0.00047302    0.00027534    0.00000000 
max(|Fsp_perp|)  :   0.00000000    0.00000000    0.00000000    0.00000000    0.00000000    0.00000000    0.00000000    0.00000000    0.00000000    0.00000000 
max(|FNEB|)      :   0.00000000    0.00024130    0.00023533    0.00029482    0.00041677    0.00082220    0.00179408    0.00044261    0.00034924    0.00000000 
max(|Force|)     :   0.00010326    0.00057519    0.00089319    0.00128819    0.00172235    0.00208990    0.00193099    0.00226606    0.00092793    0.00004715 
ksp              :   0.01000000    0.01000000    0.01000000    0.01000000    0.01000000    0.01000000    0.01000000    0.01000000    0.01000000 
max(|step|)      :   0.00000000    0.00660657    0.01221614    0.01628388    0.02516132    0.02593336    0.07847168    0.02618908    0.01259870    0.00057038 
angle (deg.)     :    2.0142  1.9854  4.1664  3.3894  8.6009  12.7534  20.0397  8.1869 
>
iteration       : 14
climbing        : yes
zoom on         : no
nim             : 10
barrier         :   0.00203964 (image:  9) 
distance        :   0.00000000    0.14061660    0.27759125    0.41319103    0.56893917    0.72243310    0.91604809    1.00278691    1.09986423    1.22198048 
energy          : -691.91549898  -691.91546055  -691.91534224  -691.91513353  -691.91481259  -691.91440413  -691.91389574  -691.91367925  -691.91347960  -691.91345934 
max(|Fr_perp|)   :   0.00000000    0.00021899    0.00040966    0.00061989    0.00113972    0.00174631    0.00277757    0.00102095    0.00053125    0.00000000 
Fr_paral         :   0.00000000   -0.00055041   -0.00111034   -0.00170043   -0.00236288   -0.00261009   -0.00222914   -0.00230801   -0.00101664    0.00000000 
max(|Fsp_paral|) :   0.00000000    0.00002353    0.00000915    0.00014117    0.00001604    0.00030733    0.00086283    0.00009018    0.00021888    0.00000000 
max(|Fsp_perp|)  :   0.00000000    0.00000000    0.00000000    0.00000000    0.00000000    0.00000000    0.00000000    0.00000000    0.00000000    0.00000000 
max(|FNEB|)      :   0.00000000    0.00023275    0.00040491    0.00060393    0.00113018    0.00182607    0.00274482    0.00102600    0.00047412    0.00000000 
max(|Force|)     :   0.00010326    0.00056732    0.00067662    0.00118776    0.00246079    0.00249643    0.00291709    0.00189826    0.00087859    0.00004715 
ksp              :   0.01000000    0.01000000    0.01000000    0.01000000    0.01000000    0.01000000    0.01000000    0.01000000    0.01000000 
max(|step|)      :   0.00000000    0.00445318    0.00822517    0.01110441    0.01664577    0.01705169    0.04800039    0.01603136    0.00806379    0.00035136 
angle (deg.)     :    3.1640  1.5495  3.2603  5.9377  8.4518  23.5783  10.7212  11.1327 
>
iteration       : 15
climbing        : yes
zoom on         : no
nim             : 10
barrier         :   0.00203964 (image:  9) 
distance        :   0.00000000    0.14056045    0.28000990    0.42172151    0.56692964    0.73674038    0.97849625    1.02528994    1.11444372    1.23148070 
energy          : -691.91549898  -691.91545110  -691.91533054  -691.91513247  -691.91484949  -691.91441778  -691.91378007  -691.91366928  -691.91349070  -691.91345934 
max(|Fr_perp|)   :   0.00000000    0.00027933    0.00036625    0.00051368    0.00063822    0.00059280    0.00197639    0.00092171    0.00040145    0.00000000 
Fr_paral         :   0.00000000   -0.00052235   -0.00107777   -0.00165370   -0.00221395   -0.00264688   -0.00241915   -0.00247453   -0.00103375    0.00000000 
max(|Fsp_paral|) :   0.00000000    0.00000720    0.00001494    0.00002385    0.00017767    0.00056321    0.00158498    0.00036447    0.00023519    0.00000000 
max(|Fsp_perp|)  :   0.00000000    0.00000000    0.00000000    0.00000000    0.00000000    0.00000000    0.00000000    0.00000000    0.00000000    0.00000000 
max(|FNEB|)      :   0.00000000    0.00027660    0.00036581    0.00051347    0.00065604    0.00064783    0.00226279    0.00096527    0.00041914    0.00000000 
max(|Force|)     :   0.00010326    0.00048177    0.00066977    0.00112013    0.00150051    0.00206320    0.00205420    0.00211810    0.00090338    0.00004715 
ksp              :   0.01000000    0.01000000    0.01000000    0.01000000    0.01000000    0.01000000    0.01000000    0.01000000    0.01000000 
max(|step|)      :   0.00000000    0.00548089    0.01020279    0.01378603    0.01961642    0.01887441    0.06368965    0.02214782    0.01006865    0.00038854 
angle (deg.)     :    4.1899  1.9501  2.8371  8.7305  10.3630  115.2352  94.2288  20.5197 
>
iteration       : 16
climbing        : yes
zoom on         : no
nim             : 10
barrier         :   0.00203964 (image:  9) 
distance        :   0.00000000    0.14098248    0.28415983    0.43320629    0.56711815    0.75928231    1.06383712    1.09074603    1.16869806    1.28387296 
energy          : -691.91549898  -691.91545455  -691.91533358  -691.91511899  -691.91485126  -691.91437093  -691.91357518  -691.91359529  -691.91347581  -691.91345934 
max(|Fr_perp|)   :   0.00000000    0.00048068    0.00081357    0.00138319    0.00158146    0.00164323    0.00284164    0.00212095    0.00034736    0.00000000 
Fr_paral         :   0.00000000   -0.00052447   -0.00108224   -0.00167034   -0.00212288   -0.00252908    0.00088962   -0.00208939   -0.00074460    0.00000000 
max(|Fsp_paral|) :   0.00000000    0.00001409    0.00003837    0.00010097    0.00042167    0.00089159    0.00162569    0.00042042    0.00028663    0.00000000 
max(|Fsp_perp|)  :   0.00000000    0.00000000    0.00000000    0.00000000    0.00000000    0.00000000    0.00000000    0.00000000    0.00000000    0.00000000 
max(|FNEB|)      :   0.00000000    0.00048353    0.00081351    0.00136638    0.00162794    0.00168692    0.00284596    0.00208860    0.00036601    0.00000000 
max(|Force|)     :   0.00010326    0.00052067    0.00087077    0.00133137    0.00166334    0.00212773    0.00283731    0.00228316    0.00086535    0.00004715 
ksp              :   0.01000000    0.01000000    0.01000000    0.01000000    0.01000000    0.01000000    0.01000000    0.01000000    0.01000000 
max(|step|)      :   0.00000000    0.00285004    0.00527426    0.00704342    0.01080099    0.01108900    0.03300518    0.01123743    0.00616133    0.00022148 
angle (deg.)     :    3.5455  1.8292  3.5135  6.7284  9.8340  51.6693  31.3993  13.4064 
>
iteration       : 17
climbing        : yes
zoom on         : no
nim             : 10
barrier         :   0.00203964 (image:  9) 
distance        :   0.00000000    0.14060157    0.28198554    0.42658510    0.56832053    0.75107624    1.01842183    1.04596718    1.12898970    1.24352901 
energy          : -691.91549898  -691.91545365  -691.91533449  -691.91513065  -691.91485509  -691.91439665  -691.91369327  -691.91363340  -691.91348461  -691.91345934 
max(|Fr_perp|)   :   0.00000000    0.00009454    0.00014979    0.00021928    0.00023599    0.00023302    0.00118075    0.00029201    0.00017362    0.00000000 
Fr_paral         :   0.00000000   -0.00052344   -0.00107186   -0.00165154   -0.00219042   -0.00265343   -0.00168684   -0.00247185   -0.00096037    0.00000000 
max(|Fsp_paral|) :   0.00000000    0.00000503    0.00002113    0.00001952    0.00029605    0.00066869    0.00158861    0.00047200    0.00025836    0.00000000 
max(|Fsp_perp|)  :   0.00000000    0.00000000    0.00000000    0.00000000    0.00000000    0.00000000    0.00000000    0.00000000    0.00000000    0.00000000 
max(|FNEB|)      :   0.00000000    0.00009621    0.00015445    0.00021180    0.00032048    0.00068162    0.00140992    0.00037219    0.00024715    0.00000000 
max(|Force|)     :   0.00010326    0.00035776    0.00073334    0.00115490    0.00155893    0.00208723    0.00208153    0.00223856    0.00088260    0.00004715 
ksp              :   0.01000000    0.01000000    0.01000000    0.01000000    0.01000000    0.01000000    0.01000000    0.01000000    0.01000000 
max(|step|)      :   0.00000000    0.00234162    0.00433859    0.00583294    0.00892711    0.00905478    0.02634017    0.00849728    0.00505146    0.00019393 
angle (deg.)     :    3.0724  1.8173  3.9882  5.4908  10.4298  19.4155  10.0595  8.9411 
>
iteration       : 18
climbing        : yes
zoom on         : no
nim             : 10
barrier         :   0.00203964 (image:  9) 
distance        :   0.00000000    0.14038048    0.28035153    0.42139992    0.57007084    0.74515536    0.98170161    1.02587156    1.11273038    1.22819993 
energy          : -691.91549898  -691.91546641  -691.91533030  -691.91512652  -691.91484657  -691.91440680  -691.91377128  -691.91365632  -691.91347916  -691.91345934 
max(|Fr_perp|)   :   0.00000000    0.00014238    0.00034893    0.00026791    0.00031939    0.00041152    0.00062226    0.00049173    0.00037557    0.00000000 
Fr_paral         :   0.00000000   -0.00052584   -0.00107133   -0.00164983   -0.00224311   -0.00268729   -0.00261968   -0.00254734   -0.00102589    0.00000000 
max(|Fsp_paral|) :   0.00000000    0.00000264    0.00000711    0.00005249    0.00019039    0.00048646    0.00157166    0.00036799    0.00024315    0.00000000 
max(|Fsp_perp|)  :   0.00000000    0.00000000    0.00000000    0.00000000    0.00000000    0.00000000    0.00000000    0.00000000    0.00000000    0.00000000 
max(|FNEB|)      :   0.00000000    0.00014611    0.00035060    0.00026424    0.00034023    0.00054161    0.00195756    0.00051827    0.00033919    0.00000000 
max(|Force|)     :   0.00010326    0.00037583    0.00067993    0.00113340    0.00181419    0.00221002    0.00232286    0.00218933    0.00087517    0.00004715 
ksp              :   0.01000000    0.01000000    0.01000000    0.01000000    0.01000000    0.01000000    0.01000000    0.01000000    0.01000000 
max(|step|)      :   0.00000000    0.00194452    0.00360108    0.00490495    0.00598428    0.00860162    0.02225642    0.00645774    0.00367392    0.00011973 
angle (deg.)     :    3.5113  1.9741  4.3432  6.3240  11.6478  27.9575  13.3787  11.0545 
>
iteration       : 19
climbing        : yes
zoom on         : no
nim             : 10
barrier         :   0.00203964 (image:  9) 
distance        :   0.00000000    0.14056933    0.28194078    0.42500593    0.57332735    0.75865469    1.01122929    1.03691202    1.12108900    1.23390636 
energy          : -691.91549898  -691.91546582  -691.91533559  -691.91513330  -691.91483976  -691.91437268  -691.91369568  -691.91363600  -691.91348709  -691.91345934 
max(|Fr_perp|)   :   0.00000000    0.00023082    0.00035335    0.00050677    0.00055609    0.00048679    0.00215098    0.00096218    0.00038918    0.00000000 
Fr_paral         :   0.00000000   -0.00051287   -0.00106616   -0.00164546   -0.00222197   -0.00268919   -0.00224842   -0.00245442   -0.00096071    0.00000000 
max(|Fsp_paral|) :   0.00000000    0.00000515    0.00001113    0.00003606    0.00026800    0.00053487    0.00179022    0.00050096    0.00023982    0.00000000 
max(|Fsp_perp|)  :   0.00000000    0.00000000    0.00000000    0.00000000    0.00000000    0.00000000    0.00000000    0.00000000    0.00000000    0.00000000 
max(|FNEB|)      :   0.00000000    0.00023202    0.00034850    0.00050490    0.00058399    0.00056143    0.00247697    0.00097348    0.00040878    0.00000000 
max(|Force|)     :   0.00010326    0.00038967    0.00073202    0.00114073    0.00172389    0.00224916    0.00222467    0.00216409    0.00084906    0.00004715 
ksp              :   0.01000000    0.01000000    0.01000000    0.01000000    0.01000000    0.01000000    0.01000000    0.01000000    0.01000000 
max(|step|)      :   0.00000000    0.00315363    0.00583156    0.00780854    0.00876682    0.01601282    0.03553412    0.01063413    0.00586499    0.00020097 
angle (deg.)     :    4.2654  2.5634  5.1716  7.7890  13.6783  126.5058  110.6779  14.1135 
>
iteration       : 20
climbing        : yes
zoom on         : no
nim             : 10
barrier         :   0.00203964 (image:  9) 
distance        :   0.00000000    0.14118482    0.28513143    0.43134355    0.58186573    0.78506669    1.06025935    1.07351986    1.15305375    1.26160310 
energy          : -691.91549898  -691.91545723  -691.91533264  -691.91513251  -691.91484095  -691.91432174  -691.91359674  -691.91360823  -691.91348069  -691.91345934 
max(|Fr_perp|)   :   0.00000000    0.00023452    0.00102013    0.00023341    0.00055721    0.00037386    0.00172015    0.00114360    0.00033476    0.00000000 
Fr_paral         :   0.00000000   -0.00051334   -0.00103367   -0.00163664   -0.00218856   -0.00265750    0.00145688   -0.00230128   -0.00082056    0.00000000 
max(|Fsp_paral|) :   0.00000000    0.00001760    0.00001478    0.00002931    0.00038382    0.00057665    0.00151215    0.00056043    0.00023687    0.00000000 
max(|Fsp_perp|)  :   0.00000000    0.00000000    0.00000000    0.00000000    0.00000000    0.00000000    0.00000000    0.00000000    0.00000000    0.00000000 
max(|FNEB|)      :   0.00000000    0.00023139    0.00101798    0.00024011    0.00059640    0.00062699    0.00179333    0.00114496    0.00034969    0.00000000 
max(|Force|)     :   0.00010326    0.00037654    0.00106742    0.00106637    0.00138312    0.00208025    0.00176065    0.00208957    0.00072446    0.00004715 
ksp              :   0.01000000    0.01000000    0.01000000    0.01000000    0.01000000    0.01000000    0.01000000    0.01000000    0.01000000 
max(|step|)      :   0.00000000    0.00043712    0.00191645    0.00094544    0.00146345    0.00255415    0.00284465    0.00134551    0.00070194    0.00000751 
angle (deg.)     :    4.2927  2.6952  5.3811  7.8516  12.6999  115.2368  97.3774  13.8006 
>
iteration       : 21
climbing        : yes
zoom on         : no
nim             : 10
barrier         :   0.00203964 (image:  9) 
distance        :   0.00000000    0.14138635    0.28550313    0.43188325    0.58398658    0.78882001    1.06102450    1.07712514    1.15641925    1.26421861 
energy          : -691.91549898  -691.91545183  -691.91533446  -691.91512264  -691.91482756  -691.91431462  -691.91359099  -691.91360635  -691.91348743  -691.91345934 
max(|Fr_perp|)   :   0.00000000    0.00024602    0.00118037    0.00031644    0.00070413    0.00050467    0.00179170    0.00036380    0.00023902    0.00000000 
Fr_paral         :   0.00000000   -0.00051143   -0.00103392   -0.00163745   -0.00220204   -0.00265927    0.00033796   -0.00230874   -0.00080647    0.00000000 
max(|Fsp_paral|) :   0.00000000    0.00001737    0.00001477    0.00003896    0.00038394    0.00053788    0.00131794    0.00053384    0.00023273    0.00000000 
max(|Fsp_perp|)  :   0.00000000    0.00000000    0.00000000    0.00000000    0.00000000    0.00000000    0.00000000    0.00000000    0.00000000    0.00000000 
max(|FNEB|)      :   0.00000000    0.00024798    0.00117937    0.00031720    0.00068234    0.00056856    0.00181986    0.00044388    0.00028112    0.00000000 
max(|Force|)     :   0.00010326    0.00032606    0.00121799    0.00114227    0.00147883    0.00209536    0.00176354    0.00204216    0.00072998    0.00004715 
ksp              :   0.01000000    0.01000000    0.01000000    0.01000000    0.01000000    0.01000000    0.01000000    0.01000000    0.01000000 
max(|step|)      :   0.00000000    0.00142359    0.00261070    0.00357188    0.00439648    0.00577543    0.01888146    0.00434034    0.00234551    0.00008972 
angle (deg.)     :    3.9706  2.7751  5.1826  7.2285  11.1153  60.4155  43.1698  12.1297 
>
iteration       : 22
climbing        : yes
zoom on         : no
nim             : 10
barrier         :   0.00203964 (image:  9) 
distance        :   0.00000000    0.14118364    0.28407591    0.42904942    0.58154637    0.77869437    1.03582480    1.05720453    1.13831325    1.24735329 
energy          : -691.91549898  -691.91544755  -691.91531899  -691.91513622  -691.91483331  -691.91433011  -691.91365343  -691.91361776  -691.91347742  -691.91345934 
max(|Fr_perp|)   :   0.00000000    0.00036558    0.00147920    0.00040998    0.00089512    0.00055909    0.00212952    0.00097490    0.00049747    0.00000000 
Fr_paral         :   0.00000000   -0.00051883   -0.00102345   -0.00164167   -0.00222510   -0.00268402   -0.00077206   -0.00232961   -0.00084637    0.00000000 
max(|Fsp_paral|) :   0.00000000    0.00001089    0.00001364    0.00005151    0.00032412    0.00047640    0.00122860    0.00050972    0.00023144    0.00000000 
max(|Fsp_perp|)  :   0.00000000    0.00000000    0.00000000    0.00000000    0.00000000    0.00000000    0.00000000    0.00000000    0.00000000    0.00000000 
max(|FNEB|)      :   0.00000000    0.00036827    0.00148177    0.00040482    0.00087681    0.00052441    0.00215018    0.00098639    0.00048567    0.00000000 
max(|Force|)     :   0.00010326    0.00042827    0.00154195    0.00121818    0.00172189    0.00220018    0.00210886    0.00203530    0.00075164    0.00004715 
ksp              :   0.01000000    0.01000000    0.01000000    0.01000000    0.01000000    0.01000000    0.01000000    0.01000000    0.01000000 
max(|step|)      :   0.00000000    0.00231499    0.00427711    0.00583856    0.00702842    0.01025254    0.03046627    0.00647954    0.00373166    0.00016135 
angle (deg.)     :    3.4505  2.5743  4.7225  6.2656  9.0849  29.9951  15.1985  9.9287 
>
iteration       : 23
climbing        : yes
zoom on         : no
nim             : 10
barrier         :   0.00203964 (image:  9) 
distance        :   0.00000000    0.14085868    0.28173395    0.42462326    0.57725857    0.76147629    0.99529188    1.04046907    1.12413582    1.23549284 
energy          : -691.91549898  -691.91544979  -691.91533248  -691.91513709  -691.91483095  -691.91436224  -691.91373978  -691.91362918  -691.91348658  -691.91345934 
max(|Fr_perp|)   :   0.00000000    0.00024483    0.00124986    0.00029622    0.00072461    0.00041514    0.00087092    0.00083213    0.00033020    0.00000000 
Fr_paral         :   0.00000000   -0.00051813   -0.00103889   -0.00165563   -0.00226097   -0.00270572   -0.00242704   -0.00240182   -0.00092418    0.00000000 
max(|Fsp_paral|) :   0.00000000    0.00000011    0.00001328    0.00006718    0.00022840    0.00039034    0.00146644    0.00033106    0.00023392    0.00000000 
max(|Fsp_perp|)  :   0.00000000    0.00000000    0.00000000    0.00000000    0.00000000    0.00000000    0.00000000    0.00000000    0.00000000    0.00000000 
max(|FNEB|)      :   0.00000000    0.00025048    0.00124758    0.00029121    0.00071321    0.00043375    0.00162956    0.00083860    0.00031725    0.00000000 
max(|Force|)     :   0.00010326    0.00048507    0.00129123    0.00125817    0.00195234    0.00230716    0.00214391    0.00205702    0.00078957    0.00004715 
ksp              :   0.01000000    0.01000000    0.01000000    0.01000000    0.01000000    0.01000000    0.01000000    0.01000000    0.01000000 
max(|step|)      :   0.00000000    0.00186674    0.00494499    0.00457413    0.00521399    0.00950937    0.02117358    0.00665024    0.00362237    0.00011644 
angle (deg.)     :    4.2319  5.0024  5.8885  7.1431  10.8086  40.2208  24.1538  11.6399 
>
iteration       : 24
climbing        : yes
zoom on         : no
nim             : 10
barrier         :   0.00203964 (image:  9) 
distance        :   0.00000000    0.14117685    0.28360701    0.42854955    0.58265993    0.77721955    1.02329557    1.05257264    1.13317419    1.24159079 
energy          : -691.91549898  -691.91545717  -691.91530752  -691.91513312  -691.91482131  -691.91432970  -691.91367859  -691.91362123  -691.91348319  -691.91345934 
max(|Fr_perp|)   :   0.00000000    0.00078854    0.00445592    0.00093380    0.00236565    0.00153739    0.00071058    0.00070767    0.00078047    0.00000000 
Fr_paral         :   0.00000000   -0.00056485   -0.00077051   -0.00165603   -0.00222146   -0.00267863   -0.00213135   -0.00235709   -0.00084207    0.00000000 
max(|Fsp_paral|) :   0.00000000    0.00000799    0.00001647    0.00006293    0.00029382    0.00040967    0.00152500    0.00043896    0.00023207    0.00000000 
max(|Fsp_perp|)  :   0.00000000    0.00000000    0.00000000    0.00000000    0.00000000    0.00000000    0.00000000    0.00000000    0.00000000    0.00000000 
max(|FNEB|)      :   0.00000000    0.00078486    0.00445742    0.00093453    0.00238436    0.00155341    0.00115518    0.00074062    0.00080581    0.00000000 
max(|Force|)     :   0.00010326    0.00076098    0.00450027    0.00115023    0.00229951    0.00220816    0.00211736    0.00202103    0.00069972    0.00004715 
ksp              :   0.01000000    0.01000000    0.01000000    0.01000000    0.01000000    0.01000000    0.01000000    0.01000000    0.01000000 
max(|step|)      :   0.00000000    0.00076937    0.00319402    0.00192079    0.00232086    0.00345109    0.01018599    0.00231853    0.00131980    0.00004886 
angle (deg.)     :    4.0416  2.6325  5.3196  7.3838  11.8057  50.3422  34.0222  12.3789 
>
iteration       : 25
climbing        : yes
zoom on         : no
nim             : 10
barrier         :   0.00203964 (image:  9) 
distance        :   0.00000000    0.14133820    0.28412513    0.42989793    0.58406767    0.78287589    1.03654914    1.05725539    1.13691057    1.24450761 
energy          : -691.91549898  -691.91545039  -691.91533595  -691.91513312  -691.91482875  -691.91432434  -691.91365082  -691.91361190  -691.91348063  -691.91345934 
max(|Fr_perp|)   :   0.00000000    0.00017708    0.00080573    0.00018715    0.00047093    0.00027159    0.00094232    0.00033413    0.00016701    0.00000000 
Fr_paral         :   0.00000000   -0.00050976   -0.00104077   -0.00163800   -0.00223512   -0.00268947   -0.00179098   -0.00233389   -0.00083721    0.00000000 
max(|Fsp_paral|) :   0.00000000    0.00000923    0.00001955    0.00005748    0.00032471    0.00043780    0.00143155    0.00050277    0.00023149    0.00000000 
max(|Fsp_perp|)  :   0.00000000    0.00000000    0.00000000    0.00000000    0.00000000    0.00000000    0.00000000    0.00000000    0.00000000    0.00000000 
max(|FNEB|)      :   0.00000000    0.00017413    0.00080360    0.00021468    0.00049110    0.00042758    0.00117137    0.00047184    0.00021799    0.00000000 
max(|Force|)     :   0.00010326    0.00032919    0.00087958    0.00113812    0.00163461    0.00215912    0.00204285    0.00202236    0.00070721    0.00004715 
ksp              :   0.01000000    0.01000000    0.01000000    0.01000000    0.01000000    0.01000000    0.01000000    0.01000000    0.01000000 
max(|step|)      :   0.00000000    0.00039509    0.00085398    0.00101005    0.00124269    0.00224629    0.00468934    0.00171572    0.00089955    0.00002446 
angle (deg.)     :    4.1133  2.5923  5.4211  7.5533  12.7364  50.4759  34.8059  12.6908 
>
iteration       : 26
climbing        : yes
zoom on         : no
nim             : 10
barrier         :   0.00203964 (image:  9) 
distance        :   0.00000000    0.14142747    0.28456288    0.43077619    0.58548335    0.78645133    1.04243048    1.05851787    1.13729648    1.24415753 
energy          : -691.91549898  -691.91546210  -691.91533469  -691.91512744  -691.91481951  -691.91431664  -691.91363931  -691.91361021  -691.91348546  -691.91345934 
max(|Fr_perp|)   :   0.00000000    0.00006763    0.00014538    0.00018700    0.00016866    0.00012948    0.00097194    0.00007957    0.00005412    0.00000000 
Fr_paral         :   0.00000000   -0.00050893   -0.00104774   -0.00163518   -0.00223379   -0.00268766   -0.00176157   -0.00231817   -0.00080825    0.00000000 
max(|Fsp_paral|) :   0.00000000    0.00001087    0.00002013    0.00005810    0.00033685    0.00044026    0.00145379    0.00053413    0.00023189    0.00000000 
max(|Fsp_perp|)  :   0.00000000    0.00000000    0.00000000    0.00000000    0.00000000    0.00000000    0.00000000    0.00000000    0.00000000    0.00000000 
max(|FNEB|)      :   0.00000000    0.00006828    0.00015801    0.00021351    0.00035649    0.00043945    0.00109987    0.00049678    0.00020507    0.00000000 
max(|Force|)     :   0.00010326    0.00032565    0.00071877    0.00113507    0.00160782    0.00215396    0.00203949    0.00201328    0.00069481    0.00004715 
ksp              :   0.01000000    0.01000000    0.01000000    0.01000000    0.01000000    0.01000000    0.01000000    0.01000000    0.01000000 
max(|step|)      :   0.00000000    0.00132249    0.00251034    0.00363070    0.00449004    0.00808633    0.01533708    0.00649419    0.00326985    0.00008276 
angle (deg.)     :    4.4547  3.4500  6.0511  8.1438  16.3829  68.6470  74.9494  13.6456 
>
iteration       : 27
climbing        : yes
zoom on         : no
nim             : 10
barrier         :   0.00203964 (image:  9) 
distance        :   0.00000000    0.14179653    0.28610262    0.43396644    0.59112465    0.79917678    1.06231007    1.06439420    1.13964781    1.24367083 
energy          : -691.91549898  -691.91544644  -691.91533315  -691.91513443  -691.91482028  -691.91429203  -691.91359211  -691.91359155  -691.91347832  -691.91345934 
max(|Fr_perp|)   :   0.00000000    0.00042027    0.00184201    0.00046509    0.00108454    0.00070655    0.00162992    0.00056633    0.00036236    0.00000000 
Fr_paral         :   0.00000000   -0.00051557   -0.00100084   -0.00164231   -0.00223142   -0.00267698   -0.00073390   -0.00221057   -0.00073813    0.00000000 
max(|Fsp_paral|) :   0.00000000    0.00001589    0.00002320    0.00006351    0.00037185    0.00044403    0.00112195    0.00062126    0.00023501    0.00000000 
max(|Fsp_perp|)  :   0.00000000    0.00000000    0.00000000    0.00000000    0.00000000    0.00000000    0.00000000    0.00000000    0.00000000    0.00000000 
max(|FNEB|)      :   0.00000000    0.00042169    0.00184133    0.00046249    0.00106458    0.00069874    0.00131450    0.00057618    0.00034986    0.00000000 
max(|Force|)     :   0.00010326    0.00046139    0.00189715    0.00112905    0.00155888    0.00216197    0.00194533    0.00195028    0.00066989    0.00004715 
ksp              :   0.01000000    0.01000000    0.01000000    0.01000000    0.01000000    0.01000000    0.01000000    0.01000000    0.01000000 
max(|step|)      :   0.00000000    0.00051384    0.00164952    0.00130327    0.00156800    0.00237977    0.00792896    0.00152683    0.00091014    0.00003487 
angle (deg.)     :    4.2730  2.9124  5.8142  7.9612  14.8362  25.3429  13.1415  12.9590 
>
iteration       : 28
climbing        : yes
zoom on         : no
nim             : 10
barrier         :   0.00203964 (image:  9) 
distance        :   0.00000000    0.14169235    0.28545308    0.43285582    0.58989723    0.79500547    1.05166180    1.06099290    1.13679616    1.24133419 
energy          : -691.91549898  -691.91546011  -691.91533704  -691.91514226  -691.91482237  -691.91429530  -691.91361977  -691.91359332  -691.91347158  -691.91345934 
max(|Fr_perp|)   :   0.00000000    0.00007236    0.00014850    0.00019131    0.00017272    0.00016422    0.00041404    0.00035934    0.00007955    0.00000000 
Fr_paral         :   0.00000000   -0.00050378   -0.00104815   -0.00163308   -0.00223961   -0.00269166   -0.00221136   -0.00223579   -0.00075670    0.00000000 
max(|Fsp_paral|) :   0.00000000    0.00001311    0.00002379    0.00006599    0.00035093    0.00041490    0.00193388    0.00056570    0.00023607    0.00000000 
max(|Fsp_perp|)  :   0.00000000    0.00000000    0.00000000    0.00000000    0.00000000    0.00000000    0.00000000    0.00000000    0.00000000    0.00000000 
max(|FNEB|)      :   0.00000000    0.00007306    0.00016231    0.00022038    0.00035549    0.00038821    0.00139526    0.00052096    0.00019833    0.00000000 
max(|Force|)     :   0.00010326    0.00033641    0.00071795    0.00114802    0.00163262    0.00219514    0.00206294    0.00194907    0.00066151    0.00004715 
ksp              :   0.01000000    0.01000000    0.01000000    0.01000000    0.01000000    0.01000000    0.01000000    0.01000000    0.01000000 
max(|step|)      :   0.00000000    0.00057806    0.00119704    0.00177648    0.00217381    0.00383288    0.00600533    0.00342417    0.00157430    0.00003228 
angle (deg.)     :    4.4033  3.3481  6.1413  8.2519  15.8793  12.8918  18.2493  13.0620 
>
iteration       : 29
climbing        : yes
zoom on         : no
nim             : 10
barrier         :   0.00203964 (image:  9) 
distance        :   0.00000000    0.14189117    0.28609819    0.43432093    0.59296880    0.80076730    1.05963409    1.06524427    1.13894256    1.24190949 
energy          : -691.91549898  -691.91544373  -691.91533865  -691.91514118  -691.91481605  -691.91428570  -691.91359751  -691.91358215  -691.91347766  -691.91345934 
max(|Fr_perp|)   :   0.00000000    0.00024855    0.00126326    0.00027077    0.00065226    0.00038943    0.00042975    0.00032413    0.00022255    0.00000000 
Fr_paral         :   0.00000000   -0.00050925   -0.00102194   -0.00163861   -0.00224913   -0.00269062   -0.00212954   -0.00218193   -0.00072959    0.00000000 
max(|Fsp_paral|) :   0.00000000    0.00001464    0.00002620    0.00007143    0.00035946    0.00041182    0.00212695    0.00057891    0.00023965    0.00000000 
max(|Fsp_perp|)  :   0.00000000    0.00000000    0.00000000    0.00000000    0.00000000    0.00000000    0.00000000    0.00000000    0.00000000    0.00000000 
max(|FNEB|)      :   0.00000000    0.00024561    0.00126271    0.00027062    0.00067212    0.00039846    0.00159684    0.00052611    0.00024791    0.00000000 
max(|Force|)     :   0.00010326    0.00034165    0.00133837    0.00114359    0.00165815    0.00222878    0.00198012    0.00190962    0.00062988    0.00004715 
ksp              :   0.01000000    0.01000000    0.01000000    0.01000000    0.01000000    0.01000000    0.01000000    0.01000000    0.01000000 
max(|step|)      :   0.00000000    0.00145415    0.00291103    0.00442146    0.00541095    0.00955907    0.01700340    0.00843225    0.00394254    0.00009037 
angle (deg.)     :    4.7188  3.9778  6.8595  8.9586  17.9558  124.7709  133.3540  13.5013 
>
iteration       : 30
climbing        : yes
zoom on         : no
nim             : 10
barrier         :   0.00203964 (image:  9) 
distance        :   0.00000000    0.14244747    0.28784947    0.43815559    0.60056540    0.81546173    1.08283178    1.09183188    1.16046370    1.25966988 
energy          : -691.91549898  -691.91545601  -691.91533479  -691.91512505  -691.91480361  -691.91425324  -691.91355338  -691.91356815  -691.91347287  -691.91345934 
max(|Fr_perp|)   :   0.00000000    0.00040532    0.00168759    0.00040685    0.00097500    0.00055778    0.00168180    0.00086673    0.00035147    0.00000000 
Fr_paral         :   0.00000000   -0.00050794   -0.00099629   -0.00163887   -0.00225263   -0.00268548    0.00012716   -0.00200005   -0.00064523    0.00000000 
max(|Fsp_paral|) :   0.00000000    0.00001856    0.00003191    0.00008304    0.00038531    0.00042430    0.00114709    0.00050726    0.00024769    0.00000000 
max(|Fsp_perp|)  :   0.00000000    0.00000000    0.00000000    0.00000000    0.00000000    0.00000000    0.00000000    0.00000000    0.00000000    0.00000000 
max(|FNEB|)      :   0.00000000    0.00040154    0.00168767    0.00040899    0.00099778    0.00056326    0.00169389    0.00086915    0.00036798    0.00000000 
max(|Force|)     :   0.00010326    0.00037308    0.00175881    0.00114268    0.00168504    0.00226772    0.00166971    0.00177622    0.00055837    0.00004715 
ksp              :   0.01000000    0.01000000    0.01000000    0.01000000    0.01000000    0.01000000    0.01000000    0.01000000    0.01000000 
max(|step|)      :   0.00000000    0.00076332    0.00318241    0.00109409    0.00189889    0.00188248    0.00249159    0.00229726    0.00102469    0.00000280 
angle (deg.)     :    4.7490  4.2580  7.1041  9.2064  18.0645  91.7361  97.8473  12.7417 
>
iteration       : 31
climbing        : yes
zoom on         : no
nim             : 10
barrier         :   0.00203964 (image:  9) 
distance        :   0.00000000    0.14260307    0.28805869    0.43890141    0.60313157    0.81802273    1.08064255    1.09147113    1.15849144    1.25628881 
energy          : -691.91549898  -691.91545142  -691.91533332  -691.91512849  -691.91480082  -691.91424710  -691.91355197  -691.91356496  -691.91347153  -691.91345934 
max(|Fr_perp|)   :   0.00000000    0.00044037    0.00202016    0.00045816    0.00108286    0.00069860    0.00226534    0.00057971    0.00032571    0.00000000 
Fr_paral         :   0.00000000   -0.00050966   -0.00098058   -0.00164181   -0.00226889   -0.00271088    0.00034016   -0.00195671   -0.00063309    0.00000000 
max(|Fsp_paral|) :   0.00000000    0.00001790    0.00003505    0.00009198    0.00037239    0.00038499    0.00107017    0.00047948    0.00024970    0.00000000 
max(|Fsp_perp|)  :   0.00000000    0.00000000    0.00000000    0.00000000    0.00000000    0.00000000    0.00000000    0.00000000    0.00000000    0.00000000 
max(|FNEB|)      :   0.00000000    0.00044330    0.00202109    0.00045346    0.00106455    0.00068918    0.00225612    0.00059227    0.00032116    0.00000000 
max(|Force|)     :   0.00010326    0.00048099    0.00197583    0.00114324    0.00171851    0.00229388    0.00227455    0.00172354    0.00056486    0.00004715 
ksp              :   0.01000000    0.01000000    0.01000000    0.01000000    0.01000000    0.01000000    0.01000000    0.01000000    0.01000000 
max(|step|)      :   0.00000000    0.00043020    0.00107913    0.00128593    0.00158316    0.00283916    0.00516845    0.00246929    0.00115246    0.00002804 
angle (deg.)     :    4.6149  3.7482  6.8094  9.0050  17.2609  67.9011  74.3555  12.6201 
>
iteration       : 32
climbing        : yes
zoom on         : no
nim             : 10
barrier         :   0.00203964 (image:  9) 
distance        :   0.00000000    0.14243059    0.28749185    0.43773629    0.60085064    0.81362712    1.07340174    1.08190298    1.15041342    1.24929725 
energy          : -691.91549898  -691.91544690  -691.91534003  -691.91513767  -691.91481068  -691.91425460  -691.91356959  -691.91356360  -691.91347616  -691.91345934 
max(|Fr_perp|)   :   0.00000000    0.00019302    0.00076654    0.00020345    0.00045521    0.00032539    0.00154374    0.00031440    0.00012928    0.00000000 
Fr_paral         :   0.00000000   -0.00050373   -0.00103110   -0.00163802   -0.00226157   -0.00270025   -0.00058133   -0.00201168   -0.00065264    0.00000000 
max(|Fsp_paral|) :   0.00000000    0.00001654    0.00003376    0.00008838    0.00036466    0.00037903    0.00110226    0.00050992    0.00024725    0.00000000 
max(|Fsp_perp|)  :   0.00000000    0.00000000    0.00000000    0.00000000    0.00000000    0.00000000    0.00000000    0.00000000    0.00000000    0.00000000 
max(|FNEB|)      :   0.00000000    0.00019574    0.00076656    0.00021470    0.00043521    0.00032250    0.00129639    0.00045761    0.00022221    0.00000000 
max(|Force|)     :   0.00010326    0.00034009    0.00081863    0.00114343    0.00169965    0.00227896    0.00179108    0.00176271    0.00057380    0.00004715 
ksp              :   0.01000000    0.01000000    0.01000000    0.01000000    0.01000000    0.01000000    0.01000000    0.01000000    0.01000000 
max(|step|)      :   0.00000000    0.00061984    0.00139366    0.00170010    0.00209773    0.00395996    0.00887508    0.00316472    0.00149756    0.00004070 
angle (deg.)     :    4.4797  3.5760  6.5599  8.7694  15.4552  19.9174  17.7267  12.3500 
>
iteration       : 33
climbing        : yes
zoom on         : no
nim             : 10
barrier         :   0.00203964 (image:  9) 
distance        :   0.00000000    0.14220762    0.28676466    0.43621678    0.59811420    0.80753506    1.06141428    1.07230953    1.14266757    1.24284169 
energy          : -691.91549898  -691.91546044  -691.91534088  -691.91514133  -691.91480976  -691.91426721  -691.91359976  -691.91356912  -691.91347682  -691.91345934 
max(|Fr_perp|)   :   0.00000000    0.00017076    0.00078314    0.00018369    0.00037140    0.00020938    0.00144965    0.00012403    0.00013637    0.00000000 
Fr_paral         :   0.00000000   -0.00050854   -0.00103262   -0.00163936   -0.00226178   -0.00270768   -0.00181783   -0.00207324   -0.00068306    0.00000000 
max(|Fsp_paral|) :   0.00000000    0.00001481    0.00003193    0.00008541    0.00034845    0.00035827    0.00208004    0.00050609    0.00024404    0.00000000 
max(|Fsp_perp|)  :   0.00000000    0.00000000    0.00000000    0.00000000    0.00000000    0.00000000    0.00000000    0.00000000    0.00000000    0.00000000 
max(|FNEB|)      :   0.00000000    0.00017166    0.00078297    0.00022142    0.00038334    0.00029492    0.00164349    0.00046134    0.00021714    0.00000000 
max(|Force|)     :   0.00010326    0.00033512    0.00086158    0.00114870    0.00168126    0.00225215    0.00196208    0.00181030    0.00058787    0.00004715 
ksp              :   0.01000000    0.01000000    0.01000000    0.01000000    0.01000000    0.01000000    0.01000000    0.01000000    0.01000000 
max(|step|)      :   0.00000000    0.00049520    0.00101579    0.00151806    0.00184788    0.00310833    0.00495194    0.00292525    0.00137119    0.00002452 
angle (deg.)     :    4.5619  3.7105  6.7933  9.0108  16.0921  28.7575  32.5555  12.3124 
>
iteration       : 34
climbing        : yes
zoom on         : no
nim             : 10
barrier         :   0.00203964 (image:  9) 
distance        :   0.00000000    0.14240201    0.28731546    0.43748623    0.60086823    0.81227263    1.06810167    1.07697424    1.14554265    1.24429775 
energy          : -691.91549898  -691.91546014  -691.91533281  -691.91513027  -691.91480262  -691.91425932  -691.91358423  -691.91356648  -691.91347779  -691.91345934 
max(|Fr_perp|)   :   0.00000000    0.00007526    0.00034403    0.00018234    0.00016038    0.00017572    0.00052952    0.00013272    0.00006613    0.00000000 
Fr_paral         :   0.00000000   -0.00049997   -0.00103514   -0.00164071   -0.00226644   -0.00270677   -0.00185681   -0.00202664   -0.00065704    0.00000000 
max(|Fsp_paral|) :   0.00000000    0.00001580    0.00003426    0.00009072    0.00035255    0.00035848    0.00203120    0.00050781    0.00024644    0.00000000 
max(|Fsp_perp|)  :   0.00000000    0.00000000    0.00000000    0.00000000    0.00000000    0.00000000    0.00000000    0.00000000    0.00000000    0.00000000 
max(|FNEB|)      :   0.00000000    0.00008689    0.00034387    0.00022161    0.00032108    0.00027809    0.00119638    0.00046706    0.00021839    0.00000000 
max(|Force|)     :   0.00010326    0.00033725    0.00070895    0.00114987    0.00169630    0.00226693    0.00185804    0.00176573    0.00056573    0.00004715 
ksp              :   0.01000000    0.01000000    0.01000000    0.01000000    0.01000000    0.01000000    0.01000000    0.01000000    0.01000000 
max(|step|)      :   0.00000000    0.00101856    0.00209269    0.00310161    0.00376065    0.00623983    0.01090794    0.00604113    0.00283137    0.00005336 
angle (deg.)     :    4.7383  4.1451  7.3125  9.5063  16.8795  71.3191  77.7146  12.1662 
>
iteration       : 35
climbing        : yes
zoom on         : no
nim             : 10
barrier         :   0.00203964 (image:  9) 
distance        :   0.00000000    0.14282325    0.28849422    0.44014368    0.60666927    0.82187112    1.08255947    1.08892374    1.15379296    1.24957597 
energy          : -691.91549898  -691.91545005  -691.91533608  -691.91512019  -691.91479669  -691.91424065  -691.91354756  -691.91355272  -691.91346715  -691.91345934 
max(|Fr_perp|)   :   0.00000000    0.00016376    0.00064294    0.00017423    0.00033772    0.00021922    0.00144639    0.00006134    0.00009079    0.00000000 
Fr_paral         :   0.00000000   -0.00049510   -0.00102863   -0.00164132   -0.00228137   -0.00270835   -0.00035396   -0.00189076   -0.00060450    0.00000000 
max(|Fsp_paral|) :   0.00000000    0.00001784    0.00003890    0.00010228    0.00035819    0.00036835    0.00140908    0.00049779    0.00025107    0.00000000 
max(|Fsp_perp|)  :   0.00000000    0.00000000    0.00000000    0.00000000    0.00000000    0.00000000    0.00000000    0.00000000    0.00000000    0.00000000 
max(|FNEB|)      :   0.00000000    0.00016203    0.00064406    0.00021854    0.00037677    0.00029423    0.00129943    0.00046251    0.00022326    0.00000000 
max(|Force|)     :   0.00010326    0.00033666    0.00070758    0.00114796    0.00171903    0.00227538    0.00164250    0.00164559    0.00052045    0.00004715 
ksp              :   0.01000000    0.01000000    0.01000000    0.01000000    0.01000000    0.01000000    0.01000000    0.01000000    0.01000000 
max(|step|)      :   0.00000000    0.00016370    0.00058205    0.00030344    0.00051125    0.00061663    0.00299901    0.00030391    0.00023955    0.00000969 
angle (deg.)     :    4.7150  4.1568  7.3365  9.5350  16.1996  34.3608  38.2974  12.0019 
>
iteration       : 36
climbing        : yes
zoom on         : no
nim             : 10
barrier         :   0.00203964 (image:  9) 
distance        :   0.00000000    0.14283123    0.28847700    0.44018995    0.60711021    0.82159382    1.07876254    1.08594647    1.15059809    1.24604260 
energy          : -691.91549898  -691.91544988  -691.91534213  -691.91513322  -691.91479719  -691.91422678  -691.91356304  -691.91355303  -691.91347935  -691.91345934 
max(|Fr_perp|)   :   0.00000000    0.00007389    0.00015486    0.00017105    0.00012268    0.00016999    0.00067615    0.00005923    0.00006349    0.00000000 
Fr_paral         :   0.00000000   -0.00049583   -0.00103798   -0.00164398   -0.00229103   -0.00270545   -0.00156487   -0.00187848   -0.00059181    0.00000000 
max(|Fsp_paral|) :   0.00000000    0.00001764    0.00003949    0.00010457    0.00035005    0.00034566    0.00199174    0.00048863    0.00025048    0.00000000 
max(|Fsp_perp|)  :   0.00000000    0.00000000    0.00000000    0.00000000    0.00000000    0.00000000    0.00000000    0.00000000    0.00000000    0.00000000 
max(|FNEB|)      :   0.00000000    0.00008680    0.00017707    0.00021752    0.00032336    0.00027110    0.00083447    0.00045212    0.00022510    0.00000000 
max(|Force|)     :   0.00010326    0.00033408    0.00071105    0.00114991    0.00171486    0.00226819    0.00171694    0.00163479    0.00050794    0.00004715 
ksp              :   0.01000000    0.01000000    0.01000000    0.01000000    0.01000000    0.01000000    0.01000000    0.01000000    0.01000000 
max(|step|)      :   0.00000000    0.00101044    0.00218881    0.00299960    0.00377899    0.00502142    0.00230515    0.00615231    0.00293609    0.00004221 
angle (deg.)     :    4.8180  4.8210  7.9302  10.0452  14.8267  24.6244  13.3222  11.4103 
>
iteration       : 37
climbing        : yes
zoom on         : no
nim             : 10
barrier         :   0.00203964 (image:  9) 
distance        :   0.00000000    0.14325658    0.28954119    0.44276028    0.61357104    0.82927553    1.08067428    1.09384720    1.15467420    1.24652485 
energy          : -691.91549898  -691.91546108  -691.91534009  -691.91512593  -691.91478028  -691.91421289  -691.91355772  -691.91353993  -691.91346932  -691.91345934 
max(|Fr_perp|)   :   0.00000000    0.00036752    0.00134788    0.00018100    0.00068708    0.00041330    0.00228871    0.00010469    0.00016959    0.00000000 
Fr_paral         :   0.00000000   -0.00050057   -0.00100781   -0.00165098   -0.00230141   -0.00271832   -0.00108143   -0.00173695   -0.00054874    0.00000000 
max(|Fsp_paral|) :   0.00000000    0.00001891    0.00004513    0.00012111    0.00033112    0.00029002    0.00196056    0.00040547    0.00025231    0.00000000 
max(|Fsp_perp|)  :   0.00000000    0.00000000    0.00000000    0.00000000    0.00000000    0.00000000    0.00000000    0.00000000    0.00000000    0.00000000 
max(|FNEB|)      :   0.00000000    0.00036866    0.00134682    0.00021775    0.00065273    0.00038312    0.00232908    0.00037559    0.00023947    0.00000000 
max(|Force|)     :   0.00010326    0.00041047    0.00142176    0.00116508    0.00171777    0.00225557    0.00224834    0.00151037    0.00046027    0.00004715 
ksp              :   0.01000000    0.01000000    0.01000000    0.01000000    0.01000000    0.01000000    0.01000000    0.01000000    0.01000000 
max(|step|)      :   0.00000000    0.00032554    0.00069705    0.00095343    0.00116908    0.00158459    0.00080642    0.00188350    0.00093935    0.00001302 
angle (deg.)     :    4.8465  4.8884  8.0644  10.1681  14.6140  21.9533  6.6114  11.2607 
>
iteration       : 38
climbing        : yes
zoom on         : no
nim             : 10
barrier         :   0.00203964 (image:  9) 
distance        :   0.00000000    0.14340121    0.28987935    0.44359730    0.61556817    0.83170055    1.08134726    1.09620237    1.15591184    1.24663638 
energy          : -691.91549898  -691.91546276  -691.91533510  -691.91513525  -691.91477149  -691.91421428  -691.91355760  -691.91353489  -691.91347174  -691.91345934 
max(|Fr_perp|)   :   0.00000000    0.00019208    0.00071816    0.00016477    0.00036699    0.00023541    0.00124252    0.00005946    0.00010901    0.00000000 
Fr_paral         :   0.00000000   -0.00049146   -0.00102449   -0.00165041   -0.00231003   -0.00271670   -0.00173428   -0.00168569   -0.00052849    0.00000000 
max(|Fsp_paral|) :   0.00000000    0.00001919    0.00004711    0.00012573    0.00032592    0.00027251    0.00196166    0.00038169    0.00025216    0.00000000 
max(|Fsp_perp|)  :   0.00000000    0.00000000    0.00000000    0.00000000    0.00000000    0.00000000    0.00000000    0.00000000    0.00000000    0.00000000 
max(|FNEB|)      :   0.00000000    0.00019470    0.00071716    0.00021701    0.00033274    0.00023256    0.00122620    0.00035647    0.00024025    0.00000000 
max(|Force|)     :   0.00010326    0.00032817    0.00079649    0.00116447    0.00171953    0.00225141    0.00171929    0.00146039    0.00044331    0.00004715 
ksp              :   0.01000000    0.01000000    0.01000000    0.01000000    0.01000000    0.01000000    0.01000000    0.01000000    0.01000000 
max(|step|)      :   0.00000000    0.00243015    0.00526914    0.00719007    0.00895931    0.01192464    0.00446581    0.01433625    0.00712037    0.00009610 
angle (deg.)     :    5.1273  6.2665  9.3393  11.2022  13.2731  27.3080  12.1586  10.0765 
>
iteration       : 39
climbing        : yes
zoom on         : no
nim             : 10
barrier         :   0.00203964 (image:  9) 
distance        :   0.00000000    0.14459498    0.29270819    0.45020988    0.63115069    0.85048335    1.08927098    1.11745260    1.16867838    1.25084552 
energy          : -691.91549898  -691.91544317  -691.91533898  -691.91513163  -691.91475586  -691.91416928  -691.91354396  -691.91350769  -691.91346760  -691.91345934 
max(|Fr_perp|)   :   0.00000000    0.00044436    0.00139978    0.00022445    0.00077594    0.00036996    0.00218704    0.00010471    0.00013735    0.00000000 
Fr_paral         :   0.00000000   -0.00049163   -0.00099750   -0.00166791   -0.00235322   -0.00271298   -0.00134159   -0.00132383   -0.00040307    0.00000000 
max(|Fsp_paral|) :   0.00000000    0.00002173    0.00006105    0.00016199    0.00028440    0.00015931    0.00166510    0.00019612    0.00025094    0.00000000 
max(|Fsp_perp|)  :   0.00000000    0.00000000    0.00000000    0.00000000    0.00000000    0.00000000    0.00000000    0.00000000    0.00000000    0.00000000 
max(|FNEB|)      :   0.00000000    0.00044323    0.00140300    0.00024086    0.00080606    0.00038237    0.00240429    0.00019370    0.00025842    0.00000000 
max(|Force|)     :   0.00010326    0.00041534    0.00131285    0.00118065    0.00174516    0.00220205    0.00199585    0.00112967    0.00032205    0.00004715 
ksp              :   0.01000000    0.01000000    0.01000000    0.01000000    0.01000000    0.01000000    0.01000000    0.01000000    0.01000000 
max(|step|)      :   0.00000000    0.00033886    0.00068973    0.00091469    0.00116830    0.00135619    0.00064144    0.00162941    0.00095538    0.00000957 
angle (deg.)     :    5.1566  6.3969  9.4788  11.2478  13.1990  25.9885  10.5231  9.9923 
>
iteration       : 40
climbing        : yes
zoom on         : no
nim             : 10
barrier         :   0.00203964 (image:  9) 
distance        :   0.00000000    0.14476633    0.29306614    0.45113354    0.63311180    0.85258647    1.08945138    1.11952083    1.16995417    1.25097312 
energy          : -691.91549898  -691.91545153  -691.91534219  -691.91511990  -691.91475508  -691.91416331  -691.91355137  -691.91350624  -691.91346959  -691.91345934 
max(|Fr_perp|)   :   0.00000000    0.00029451    0.00098469    0.00017506    0.00053885    0.00029597    0.00147644    0.00008165    0.00011258    0.00000000 
Fr_paral         :   0.00000000   -0.00048842   -0.00101159   -0.00166807   -0.00235688   -0.00270837   -0.00162130   -0.00128377   -0.00038569    0.00000000 
max(|Fsp_paral|) :   0.00000000    0.00002180    0.00006353    0.00016537    0.00027791    0.00014251    0.00164892    0.00017331    0.00024797    0.00000000 
max(|Fsp_perp|)  :   0.00000000    0.00000000    0.00000000    0.00000000    0.00000000    0.00000000    0.00000000    0.00000000    0.00000000    0.00000000 
max(|FNEB|)      :   0.00000000    0.00029306    0.00098963    0.00020578    0.00056666    0.00030738    0.00169819    0.00017243    0.00025440    0.00000000 
max(|Force|)     :   0.00010326    0.00032672    0.00089840    0.00117641    0.00175132    0.00220320    0.00156880    0.00109549    0.00030849    0.00004715 
ksp              :   0.01000000    0.01000000    0.01000000    0.01000000    0.01000000    0.01000000    0.01000000    0.01000000    0.01000000 
max(|step|)      :   0.00000000    0.00386157    0.00814412    0.01092649    0.01382205    0.01706244    0.00478980    0.02044965    0.01119360    0.00014870 
angle (deg.)     :    5.6199  8.4758  11.2478  12.3668  12.8830  24.3305  11.5020  9.0266 
>
iteration       : 41
climbing        : yes
zoom on         : no
nim             : 10
barrier         :   0.00203964 (image:  9) 
distance        :   0.00000000    0.14701180    0.29798336    0.46239880    0.65741647    0.88040957    1.09992420    1.14948816    1.18921932    1.25691948 
energy          : -691.91549898  -691.91545633  -691.91533981  -691.91510279  -691.91469922  -691.91410158  -691.91353728  -691.91346949  -691.91345966  -691.91345934 
max(|Fr_perp|)   :   0.00000000    0.00027057    0.00052597    0.00010556    0.00032750    0.00016477    0.00121852    0.00017740    0.00004726    0.00000000 
Fr_paral         :   0.00000000   -0.00047350   -0.00101301   -0.00169232   -0.00242296   -0.00266308   -0.00163579   -0.00078029   -0.00022007    0.00000000 
max(|Fsp_paral|) :   0.00000000    0.00002402    0.00008745    0.00021281    0.00020813    0.00002881    0.00135933    0.00008331    0.00022511    0.00000000 
max(|Fsp_perp|)  :   0.00000000    0.00000000    0.00000000    0.00000000    0.00000000    0.00000000    0.00000000    0.00000000    0.00000000    0.00000000 
max(|FNEB|)      :   0.00000000    0.00027105    0.00051922    0.00019755    0.00030769    0.00016080    0.00122479    0.00016091    0.00025266    0.00000000 
max(|Force|)     :   0.00010326    0.00033032    0.00069405    0.00119362    0.00181640    0.00214297    0.00153957    0.00063792    0.00015064    0.00004715 
ksp              :   0.01000000    0.01000000    0.01000000    0.01000000    0.01000000    0.01000000    0.01000000    0.01000000    0.01000000 
max(|step|)      :   0.00000000    0.00095502    0.00195349    0.00251896    0.00314341    0.00361428    0.00185059    0.00417043    0.00267766    0.00003229 
angle (deg.)     :    5.7410  9.0098  11.6333  12.4815  13.0579  23.2127  11.2906  9.0598 
>
iteration       : 42
climbing        : yes
zoom on         : no
nim             : 10
barrier         :   0.00203964 (image:  9) 
distance        :   0.00000000    0.14759314    0.29929552    0.46531513    0.66297884    0.88632914    1.10325715    1.15535171    1.19341212    1.25799050 
energy          : -691.91549898  -691.91545946  -691.91534841  -691.91510162  -691.91469455  -691.91408736  -691.91354168  -691.91347630  -691.91346068  -691.91345934 
max(|Fr_perp|)   :   0.00000000    0.00017248    0.00059632    0.00009725    0.00032892    0.00018965    0.00095629    0.00016382    0.00005655    0.00000000 
Fr_paral         :   0.00000000   -0.00047301   -0.00101029   -0.00169752   -0.00243783   -0.00266000   -0.00164117   -0.00069424   -0.00019032    0.00000000 
max(|Fsp_paral|) :   0.00000000    0.00002484    0.00009315    0.00022037    0.00019134    0.00005331    0.00132753    0.00011863    0.00021275    0.00000000 
max(|Fsp_perp|)  :   0.00000000    0.00000000    0.00000000    0.00000000    0.00000000    0.00000000    0.00000000    0.00000000    0.00000000    0.00000000 
max(|FNEB|)      :   0.00000000    0.00017175    0.00058892    0.00020601    0.00031050    0.00019736    0.00114329    0.00014084    0.00024321    0.00000000 
max(|Force|)     :   0.00010326    0.00032984    0.00069977    0.00119919    0.00184189    0.00215086    0.00150024    0.00056034    0.00012294    0.00004715 
ksp              :   0.01000000    0.01000000    0.01000000    0.01000000    0.01000000    0.01000000    0.01000000    0.01000000    0.01000000 
max(|step|)      :   0.00000000    0.00952930    0.01954142    0.02487678    0.03076610    0.03461248    0.02249165    0.03952143    0.02675485    0.00034596 
angle (deg.)     :    7.1959  14.2001  14.9707  13.7365  16.0211  13.4234  18.0930  14.3296 
>
iteration       : 43
climbing        : yes
zoom on         : no
nim             : 10
barrier         :   0.00204619 (image:  7) 
distance        :   0.00000000    0.15457121    0.31454173    0.49692759    0.72001902    0.94658692    1.14535989    1.21531210    1.23966294    1.27424142 
energy          : -691.91549898  -691.91544356  -691.91533623  -691.91508067  -691.91457789  -691.91397239  -691.91350251  -691.91345279  -691.91346038  -691.91345934 
max(|Fr_perp|)   :   0.00000000    0.00009456    0.00098295    0.00015572    0.00045632    0.00079045    0.00032509    0.00029184    0.00026436    0.00000000 
Fr_paral         :   0.00000000   -0.00045550   -0.00100286   -0.00176850   -0.00254940   -0.00260138   -0.00115012   -0.00009113    0.00001942    0.00000000 
max(|Fsp_paral|) :   0.00000000    0.00003136    0.00014632    0.00028608    0.00002612    0.00023484    0.00422330    0.00373815    0.00164747    0.00000000 
max(|Fsp_perp|)  :   0.00000000    0.00000000    0.00000000    0.00000000    0.00000000    0.00000000    0.00000000    0.00000000    0.00000000    0.00000000 
max(|FNEB|)      :   0.00000000    0.00011963    0.00099852    0.00021818    0.00045551    0.00076101    0.00096998    0.00368596    0.00161753    0.00000000 
max(|Force|)     :   0.00010326    0.00032060    0.00089558    0.00131622    0.00196632    0.00211123    0.00097004    0.00031804    0.00026436    0.00004715 
ksp              :   0.01000000    0.01000000    0.01000000    0.01000000    0.01000000    0.01000000    0.10000000    0.10000000    0.01000000 
max(|step|)      :   0.00000000    0.00663907    0.01391459    0.01866234    0.02378417    0.02875201    0.00697793    0.03977698    0.02245536    0.00028087 
angle (deg.)     :    6.1405  11.0502  12.6572  11.5762  15.2833  27.0268  22.0834  10.9037 
>
iteration       : 44
climbing        : yes
zoom on         : no
nim             : 10
barrier         :   0.00205768 (image:  6) 
distance        :   0.00000000    0.14919296    0.30379230    0.47490026    0.67534660    0.89528960    1.12449004    1.15614216    1.20001337    1.26018730 
energy          : -691.91549898  -691.91545593  -691.91532646  -691.91509860  -691.91465971  -691.91407981  -691.91344130  -691.91347510  -691.91345959  -691.91345934 
max(|Fr_perp|)   :   0.00000000    0.00137795    0.00346904    0.00053499    0.00201099    0.00028679    0.00643394    0.00029920    0.00020092    0.00000000 
Fr_paral         :   0.00000000   -0.00051332   -0.00087537   -0.00174055   -0.00244492   -0.00273839    0.00172038   -0.00074675   -0.00014448    0.00000000 
max(|Fsp_paral|) :   0.00000000    0.00003240    0.00010781    0.00020527    0.00014649    0.01719490    0.01650973    0.00228137    0.00012872    0.00000000 
max(|Fsp_perp|)  :   0.00000000    0.00000000    0.00000000    0.00000000    0.00000000    0.00000000    0.00000000    0.00000000    0.00000000    0.00000000 
max(|FNEB|)      :   0.00000000    0.00137820    0.00348164    0.00055354    0.00202350    0.01715327    0.00605323    0.00229686    0.00022028    0.00000000 
max(|Force|)     :   0.00010326    0.00134073    0.00338391    0.00124622    0.00191493    0.00231669    0.00681465    0.00064258    0.00019917    0.00004715 
ksp              :   0.01000000    0.01000000    0.01000000    0.01000000    0.01000000    0.10000000    0.10000000    0.01000000    0.01000000 
max(|step|)      :   0.00000000    0.00378831    0.00779089    0.01012022    0.01259732    0.02236835    0.00616202    0.01531636    0.01011788    0.00015353 
angle (deg.)     :    6.7253  12.7533  13.8471  12.7444  14.7693  12.9597  11.3714  11.8454 
>
